Build started 31/05/2015 18:30:20.
     1>Project "D:\en\GitHub\langtons-ant\PP2.LangtonsAnt\PP2.LangtonsAnt.Logic\PP2.LangtonsAnt.Logic.vcxproj" on node 2 (Build target(s)).
     1>ClCompile:
         C:\Program Files (x86)\Microsoft Visual Studio 12.0\VC\bin\CL.exe /c /ZI /nologo /W3 /WX- /sdl /Od /Oy- /D WIN32 /D _DEBUG /D _CONSOLE /D _LIB /D _UNICODE /D UNICODE /Gm /EHsc /RTC1 /MDd /GS /fp:precise /Zc:wchar_t /Zc:forScope /Fo"Debug\\" /Fd"Debug\vc120.pdb" /Gd /TC /analyze- /errorReport:prompt Logic.c TestLogic.c
         TestLogic.c
         Logic.c
     1>d:\en\github\langtons-ant\pp2.langtonsant\pp2.langtonsant.logic\logic.c(90): warning C4244: '=' : conversion from 'short' to 'char', possible loss of data
     1>d:\en\github\langtons-ant\pp2.langtonsant\pp2.langtonsant.logic\logic.c(94): warning C4244: '=' : conversion from 'short' to 'char', possible loss of data
         Generating Code...
     1>d:\en\github\langtons-ant\pp2.langtonsant\pp2.langtonsant.logic\logic.c(52): warning C4716: 'new_color' : must return a value
     1>d:\en\github\langtons-ant\pp2.langtonsant\pp2.langtonsant.logic\logic.c(71): warning C4716: 'delete_color' : must return a value
     1>d:\en\github\langtons-ant\pp2.langtonsant\pp2.langtonsant.logic\logic.c(114): warning C4716: 'ant_move' : must return a value
     1>d:\en\github\langtons-ant\pp2.langtonsant\pp2.langtonsant.logic\testlogic.c(29): warning C4716: 'draw_grid' : must return a value
       Link:
         C:\Program Files (x86)\Microsoft Visual Studio 12.0\VC\bin\link.exe /ERRORREPORT:PROMPT /OUT:"D:\en\GitHub\langtons-ant\PP2.LangtonsAnt\Debug\PP2.LangtonsAnt.Logic.exe" /INCREMENTAL /NOLOGO kernel32.lib user32.lib gdi32.lib winspool.lib comdlg32.lib advapi32.lib shell32.lib ole32.lib oleaut32.lib uuid.lib odbc32.lib odbccp32.lib /MANIFEST /MANIFESTUAC:"level='asInvoker' uiAccess='false'" /manifest:embed /DEBUG /PDB:"D:\en\GitHub\langtons-ant\PP2.LangtonsAnt\Debug\PP2.LangtonsAnt.Logic.pdb" /SUBSYSTEM:CONSOLE /TLBID:1 /DYNAMICBASE /NXCOMPAT /IMPLIB:"D:\en\GitHub\langtons-ant\PP2.LangtonsAnt\Debug\PP2.LangtonsAnt.Logic.lib" /MACHINE:X86 Debug\Logic.obj
         Debug\TestLogic.obj
         PP2.LangtonsAnt.Logic.vcxproj -> D:\en\GitHub\langtons-ant\PP2.LangtonsAnt\Debug\PP2.LangtonsAnt.Logic.exe
     1>Done Building Project "D:\en\GitHub\langtons-ant\PP2.LangtonsAnt\PP2.LangtonsAnt.Logic\PP2.LangtonsAnt.Logic.vcxproj" (Build target(s)).

Build succeeded.

Time Elapsed 00:00:00.96
