  toc.c
c:\users\konstantin\documents\github\langtons-ant\pp2.langtonsant\pp2.langtonsant.graphics\toc.c(13): warning C4013: 'exit' undefined; assuming extern returning int
  fontx16.c
  fontx13b.c
  fontx13.c
  fontline.c
  fontgl.c
  fontcour.c
  font9.c
  font8.c
  font16.c
  font14.c
  aaxmouse.c
c:\users\konstantin\documents\github\langtons-ant\pp2.langtonsant\pp2.langtonsant.graphics\aaxmouse.c(7): fatal error C1083: Cannot open include file: 'X11/Xlib.h': No such file or directory
  aaxkbd.c
c:\users\konstantin\documents\github\langtons-ant\pp2.langtonsant\pp2.langtonsant.graphics\aaxkbd.c(7): fatal error C1083: Cannot open include file: 'X11/Xlib.h': No such file or directory
  aax.c
c:\users\konstantin\documents\github\langtons-ant\pp2.langtonsant\pp2.langtonsant.graphics\aax.c(7): fatal error C1083: Cannot open include file: 'X11/Xlib.h': No such file or directory
  aavyhen.c
  aatest.c
c:\users\konstantin\documents\github\langtons-ant\pp2.langtonsant\pp2.langtonsant.graphics\aatest.c(8): warning C4013: 'strcpy' undefined; assuming extern returning int
c:\users\konstantin\documents\github\langtons-ant\pp2.langtonsant\pp2.langtonsant.graphics\aatest.c(11): warning C4013: 'exit' undefined; assuming extern returning int
c:\users\konstantin\documents\github\langtons-ant\pp2.langtonsant\pp2.langtonsant.graphics\aatest.c(37): warning C4996: 'sprintf': This function or variable may be unsafe. Consider using sprintf_s instead. To disable deprecation, use _CRT_SECURE_NO_WARNINGS. See online help for details.
          c:\program files (x86)\microsoft visual studio 12.0\vc\include\stdio.h(356) : see declaration of 'sprintf'
c:\users\konstantin\documents\github\langtons-ant\pp2.langtonsant\pp2.langtonsant.graphics\aatest.c(45): warning C4996: 'sprintf': This function or variable may be unsafe. Consider using sprintf_s instead. To disable deprecation, use _CRT_SECURE_NO_WARNINGS. See online help for details.
          c:\program files (x86)\microsoft visual studio 12.0\vc\include\stdio.h(356) : see declaration of 'sprintf'
c:\users\konstantin\documents\github\langtons-ant\pp2.langtonsant\pp2.langtonsant.graphics\aatest.c(55): warning C4996: 'sprintf': This function or variable may be unsafe. Consider using sprintf_s instead. To disable deprecation, use _CRT_SECURE_NO_WARNINGS. See online help for details.
          c:\program files (x86)\microsoft visual studio 12.0\vc\include\stdio.h(356) : see declaration of 'sprintf'
c:\users\konstantin\documents\github\langtons-ant\pp2.langtonsant\pp2.langtonsant.graphics\aatest.c(86): warning C4244: '=' : conversion from 'double' to 'float', possible loss of data
  aastdout.c
  aastdin.c
c:\users\konstantin\documents\github\langtons-ant\pp2.langtonsant\pp2.langtonsant.graphics\aastdin.c(6): fatal error C1083: Cannot open include file: 'sys/time.h': No such file or directory
  aaslnkbd.c
c:\users\konstantin\documents\github\langtons-ant\pp2.langtonsant\pp2.langtonsant.graphics\aaslnkbd.c(4): fatal error C1083: Cannot open include file: 'sys/time.h': No such file or directory
  aaslang.c
c:\users\konstantin\documents\github\langtons-ant\pp2.langtonsant\pp2.langtonsant.graphics\aaslang.c(6): fatal error C1083: Cannot open include file: 'slang.h': No such file or directory
  Generating Code...
  Compiling...
  aasavefont.c
c:\users\konstantin\documents\github\langtons-ant\pp2.langtonsant\pp2.langtonsant.graphics\aasavefont.c(9): warning C4013: 'exit' undefined; assuming extern returning int
c:\users\konstantin\documents\github\langtons-ant\pp2.langtonsant\pp2.langtonsant.graphics\aasavefont.c(12): warning C4996: 'fopen': This function or variable may be unsafe. Consider using fopen_s instead. To disable deprecation, use _CRT_SECURE_NO_WARNINGS. See online help for details.
          c:\program files (x86)\microsoft visual studio 12.0\vc\include\stdio.h(211) : see declaration of 'fopen'
  aasave.c
c:\users\konstantin\documents\github\langtons-ant\pp2.langtonsant\pp2.langtonsant.graphics\aasave.c(454): warning C4996: 'fopen': This function or variable may be unsafe. Consider using fopen_s instead. To disable deprecation, use _CRT_SECURE_NO_WARNINGS. See online help for details.
          c:\program files (x86)\microsoft visual studio 12.0\vc\include\stdio.h(211) : see declaration of 'fopen'
c:\users\konstantin\documents\github\langtons-ant\pp2.langtonsant\pp2.langtonsant.graphics\aasave.c(470): warning C4996: 'fopen': This function or variable may be unsafe. Consider using fopen_s instead. To disable deprecation, use _CRT_SECURE_NO_WARNINGS. See online help for details.
          c:\program files (x86)\microsoft visual studio 12.0\vc\include\stdio.h(211) : see declaration of 'fopen'
c:\users\konstantin\documents\github\langtons-ant\pp2.langtonsant\pp2.langtonsant.graphics\aasave.c(512): warning C4996: 'sprintf': This function or variable may be unsafe. Consider using sprintf_s instead. To disable deprecation, use _CRT_SECURE_NO_WARNINGS. See online help for details.
          c:\program files (x86)\microsoft visual studio 12.0\vc\include\stdio.h(356) : see declaration of 'sprintf'
c:\users\konstantin\documents\github\langtons-ant\pp2.langtonsant\pp2.langtonsant.graphics\aasave.c(525): warning C4996: 'sprintf': This function or variable may be unsafe. Consider using sprintf_s instead. To disable deprecation, use _CRT_SECURE_NO_WARNINGS. See online help for details.
          c:\program files (x86)\microsoft visual studio 12.0\vc\include\stdio.h(356) : see declaration of 'sprintf'
c:\users\konstantin\documents\github\langtons-ant\pp2.langtonsant\pp2.langtonsant.graphics\aasave.c(538): warning C4996: 'sprintf': This function or variable may be unsafe. Consider using sprintf_s instead. To disable deprecation, use _CRT_SECURE_NO_WARNINGS. See online help for details.
          c:\program files (x86)\microsoft visual studio 12.0\vc\include\stdio.h(356) : see declaration of 'sprintf'
  aarender.c
c:\users\konstantin\documents\github\langtons-ant\pp2.langtonsant\pp2.langtonsant.graphics\aarender.c(78): warning C4244: '=' : conversion from 'double' to 'int', possible loss of data
  aaregist.c
c:\users\konstantin\documents\github\langtons-ant\pp2.langtonsant\pp2.langtonsant.graphics\aaregist.c(37): warning C4013: 'strcmp' undefined; assuming extern returning int
  aarec.c
c:\users\konstantin\documents\github\langtons-ant\pp2.langtonsant\pp2.langtonsant.graphics\aarec.c(26): warning C4996: 'strdup': The POSIX name for this item is deprecated. Instead, use the ISO C++ conformant name: _strdup. See online help for details.
          c:\program files (x86)\microsoft visual studio 12.0\vc\include\string.h(245) : see declaration of 'strdup'
c:\users\konstantin\documents\github\langtons-ant\pp2.langtonsant\pp2.langtonsant.graphics\aarec.c(35): warning C4996: 'strdup': The POSIX name for this item is deprecated. Instead, use the ISO C++ conformant name: _strdup. See online help for details.
          c:\program files (x86)\microsoft visual studio 12.0\vc\include\string.h(245) : see declaration of 'strdup'
  aaprintf.c
c:\users\konstantin\documents\github\langtons-ant\pp2.langtonsant\pp2.langtonsant.graphics\aaprintf.c(9): warning C4996: 'vsprintf': This function or variable may be unsafe. Consider using vsprintf_s instead. To disable deprecation, use _CRT_SECURE_NO_WARNINGS. See online help for details.
          c:\program files (x86)\microsoft visual studio 12.0\vc\include\stdio.h(356) : see declaration of 'vsprintf'
  aaparse.c
c:\users\konstantin\documents\github\langtons-ant\pp2.langtonsant\pp2.langtonsant.graphics\aaparse.c(239): warning C4244: '=' : conversion from 'double' to 'float', possible loss of data
c:\users\konstantin\documents\github\langtons-ant\pp2.langtonsant\pp2.langtonsant.graphics\aaparse.c(298): warning C4996: 'getenv': This function or variable may be unsafe. Consider using _dupenv_s instead. To disable deprecation, use _CRT_SECURE_NO_WARNINGS. See online help for details.
          c:\program files (x86)\microsoft visual studio 12.0\vc\include\stdlib.h(462) : see declaration of 'getenv'
c:\users\konstantin\documents\github\langtons-ant\pp2.langtonsant\pp2.langtonsant.graphics\aaparse.c(302): warning C4018: '<' : signed/unsigned mismatch
c:\users\konstantin\documents\github\langtons-ant\pp2.langtonsant\pp2.langtonsant.graphics\aaparse.c(310): warning C4018: '<' : signed/unsigned mismatch
c:\users\konstantin\documents\github\langtons-ant\pp2.langtonsant\pp2.langtonsant.graphics\aaparse.c(314): warning C4996: 'strncpy': This function or variable may be unsafe. Consider using strncpy_s instead. To disable deprecation, use _CRT_SECURE_NO_WARNINGS. See online help for details.
          c:\program files (x86)\microsoft visual studio 12.0\vc\include\string.h(195) : see declaration of 'strncpy'
  aaout.c
  aaos2mou.c
  aaos2kbd.c
  aaos2.c
  aamoureg.c
c:\users\konstantin\documents\github\langtons-ant\pp2.langtonsant\pp2.langtonsant.graphics\aamoureg.c(32): warning C4013: 'strcmp' undefined; assuming extern returning int
  aamktabl.c
  aamem.c
  aalinux.c
c:\users\konstantin\documents\github\langtons-ant\pp2.langtonsant\pp2.langtonsant.graphics\aalinux.c(5): fatal error C1083: Cannot open include file: 'sys/ioctl.h': No such file or directory
  aalib.c
c:\users\konstantin\documents\github\langtons-ant\pp2.langtonsant\pp2.langtonsant.graphics\aalib.c(37): warning C4013: 'abs' undefined; assuming extern returning int
c:\users\konstantin\documents\github\langtons-ant\pp2.langtonsant\pp2.langtonsant.graphics\aalib.c(42): warning C4013: 'exit' undefined; assuming extern returning int
  aakbdreg.c
c:\users\konstantin\documents\github\langtons-ant\pp2.langtonsant\pp2.langtonsant.graphics\aakbdreg.c(33): warning C4013: 'strcmp' undefined; assuming extern returning int
  aainfo.c
c:\users\konstantin\documents\github\langtons-ant\pp2.langtonsant\pp2.langtonsant.graphics\aainfo.c(11): warning C4013: 'exit' undefined; assuming extern returning int
c:\users\konstantin\documents\github\langtons-ant\pp2.langtonsant\pp2.langtonsant.graphics\aainfo.c(39): warning C4996: 'sprintf': This function or variable may be unsafe. Consider using sprintf_s instead. To disable deprecation, use _CRT_SECURE_NO_WARNINGS. See online help for details.
          c:\program files (x86)\microsoft visual studio 12.0\vc\include\stdio.h(356) : see declaration of 'sprintf'
c:\users\konstantin\documents\github\langtons-ant\pp2.langtonsant\pp2.langtonsant.graphics\aainfo.c(46): warning C4996: 'sprintf': This function or variable may be unsafe. Consider using sprintf_s instead. To disable deprecation, use _CRT_SECURE_NO_WARNINGS. See online help for details.
          c:\program files (x86)\microsoft visual studio 12.0\vc\include\stdio.h(356) : see declaration of 'sprintf'
c:\users\konstantin\documents\github\langtons-ant\pp2.langtonsant\pp2.langtonsant.graphics\aainfo.c(48): warning C4996: 'sprintf': This function or variable may be unsafe. Consider using sprintf_s instead. To disable deprecation, use _CRT_SECURE_NO_WARNINGS. See online help for details.
          c:\program files (x86)\microsoft visual studio 12.0\vc\include\stdio.h(356) : see declaration of 'sprintf'
c:\users\konstantin\documents\github\langtons-ant\pp2.langtonsant\pp2.langtonsant.graphics\aainfo.c(55): warning C4996: 'sprintf': This function or variable may be unsafe. Consider using sprintf_s instead. To disable deprecation, use _CRT_SECURE_NO_WARNINGS. See online help for details.
          c:\program files (x86)\microsoft visual studio 12.0\vc\include\stdio.h(356) : see declaration of 'sprintf'
c:\users\konstantin\documents\github\langtons-ant\pp2.langtonsant\pp2.langtonsant.graphics\aainfo.c(57): warning C4996: 'sprintf': This function or variable may be unsafe. Consider using sprintf_s instead. To disable deprecation, use _CRT_SECURE_NO_WARNINGS. See online help for details.
          c:\program files (x86)\microsoft visual studio 12.0\vc\include\stdio.h(356) : see declaration of 'sprintf'
  aain.c
  aahelp.c
  Generating Code...
  Compiling...
  aagpm.c
c:\users\konstantin\documents\github\langtons-ant\pp2.langtonsant\pp2.langtonsant.graphics\aagpm.c(6): fatal error C1083: Cannot open include file: 'gpm.h': No such file or directory
  aafonts.c
  aafont.c
c:\users\konstantin\documents\github\langtons-ant\pp2.langtonsant\pp2.langtonsant.graphics\aafont.c(58): warning C4244: '=' : conversion from 'double' to 'int', possible loss of data
c:\users\konstantin\documents\github\langtons-ant\pp2.langtonsant\pp2.langtonsant.graphics\aafont.c(59): warning C4244: '=' : conversion from 'double' to 'int', possible loss of data
c:\users\konstantin\documents\github\langtons-ant\pp2.langtonsant\pp2.langtonsant.graphics\aafont.c(60): warning C4244: '=' : conversion from 'double' to 'int', possible loss of data
c:\users\konstantin\documents\github\langtons-ant\pp2.langtonsant\pp2.langtonsant.graphics\aafont.c(61): warning C4244: '=' : conversion from 'double' to 'int', possible loss of data
c:\users\konstantin\documents\github\langtons-ant\pp2.langtonsant\pp2.langtonsant.graphics\aafont.c(64): warning C4244: '=' : conversion from 'double' to 'int', possible loss of data
c:\users\konstantin\documents\github\langtons-ant\pp2.langtonsant\pp2.langtonsant.graphics\aafont.c(65): warning C4244: '=' : conversion from 'double' to 'int', possible loss of data
c:\users\konstantin\documents\github\langtons-ant\pp2.langtonsant\pp2.langtonsant.graphics\aafont.c(66): warning C4244: '=' : conversion from 'double' to 'int', possible loss of data
c:\users\konstantin\documents\github\langtons-ant\pp2.langtonsant\pp2.langtonsant.graphics\aafont.c(67): warning C4244: '=' : conversion from 'double' to 'int', possible loss of data
c:\users\konstantin\documents\github\langtons-ant\pp2.langtonsant\pp2.langtonsant.graphics\aafont.c(146): warning C4244: '=' : conversion from 'double' to 'int', possible loss of data
c:\users\konstantin\documents\github\langtons-ant\pp2.langtonsant\pp2.langtonsant.graphics\aafont.c(147): warning C4244: '=' : conversion from 'double' to 'int', possible loss of data
c:\users\konstantin\documents\github\langtons-ant\pp2.langtonsant\pp2.langtonsant.graphics\aafont.c(148): warning C4244: '=' : conversion from 'double' to 'int', possible loss of data
c:\users\konstantin\documents\github\langtons-ant\pp2.langtonsant\pp2.langtonsant.graphics\aafont.c(149): warning C4244: '=' : conversion from 'double' to 'int', possible loss of data
c:\users\konstantin\documents\github\langtons-ant\pp2.langtonsant\pp2.langtonsant.graphics\aafont.c(150): warning C4244: '=' : conversion from 'double' to 'int', possible loss of data
  aaflush.c
  aafire.c
c:\users\konstantin\documents\github\langtons-ant\pp2.langtonsant\pp2.langtonsant.graphics\aafire.c(79): warning C4018: '>' : signed/unsigned mismatch
c:\users\konstantin\documents\github\langtons-ant\pp2.langtonsant\pp2.langtonsant.graphics\aafire.c(101): warning C4005: 'min' : macro redefinition
          c:\program files (x86)\microsoft visual studio 12.0\vc\include\stdlib.h(922) : see previous definition of 'min'
c:\users\konstantin\documents\github\langtons-ant\pp2.langtonsant\pp2.langtonsant.graphics\aafire.c(114): warning C4018: '<' : signed/unsigned mismatch
  aafastre.c
  aaedit.c
c:\users\konstantin\documents\github\langtons-ant\pp2.langtonsant\pp2.langtonsant.graphics\aaedit.c(9): warning C4018: '>' : signed/unsigned mismatch
c:\users\konstantin\documents\github\langtons-ant\pp2.langtonsant\pp2.langtonsant.graphics\aaedit.c(17): warning C4996: 'strncpy': This function or variable may be unsafe. Consider using strncpy_s instead. To disable deprecation, use _CRT_SECURE_NO_WARNINGS. See online help for details.
          c:\program files (x86)\microsoft visual studio 12.0\vc\include\string.h(195) : see declaration of 'strncpy'
c:\users\konstantin\documents\github\langtons-ant\pp2.langtonsant\pp2.langtonsant.graphics\aaedit.c(96): warning C4018: '>' : signed/unsigned mismatch
  aadosmou.c
c:\users\konstantin\documents\github\langtons-ant\pp2.langtonsant\pp2.langtonsant.graphics\aadosmou.c(4): fatal error C1083: Cannot open include file: 'dpmi.h': No such file or directory
  aadoskbd.c
c:\users\konstantin\documents\github\langtons-ant\pp2.langtonsant\pp2.langtonsant.graphics\aadoskbd.c(3): fatal error C1083: Cannot open include file: 'libtext.h': No such file or directory
  aados.c
c:\users\konstantin\documents\github\langtons-ant\pp2.langtonsant\pp2.langtonsant.graphics\aados.c(4): fatal error C1083: Cannot open include file: 'libtext.h': No such file or directory
  aacurses.c
c:\users\konstantin\documents\github\langtons-ant\pp2.langtonsant\pp2.langtonsant.graphics\aacurses.c(13): fatal error C1083: Cannot open include file: 'curses.h': No such file or directory
  aacurmou.c
  aacurkbd.c
c:\users\konstantin\documents\github\langtons-ant\pp2.langtonsant\pp2.langtonsant.graphics\aacurkbd.c(9): fatal error C1083: Cannot open include file: 'curses.h': No such file or directory
  Generating Code...
